<?xml version="1.0" encoding="UTF-8"?>
<testsuite name="MainKtTest" tests="3" skipped="0" failures="0" errors="0" timestamp="2021-03-05T04:35:32" hostname="DESKTOP-80GA4Q3" time="0.107">
  <properties/>
  <testcase name="testMainHappyPath()" classname="MainKtTest" time="0.099"/>
  <testcase name="testMainWhiteSpaces()" classname="MainKtTest" time="0.002"/>
  <testcase name="testMainCaps()" classname="MainKtTest" time="0.002"/>
  <system-out><![CDATA[]]></system-out>
  <system-err><![CDATA[]]></system-err>
</testsuite>
